#
# There is insufficient memory for the Java Runtime Environment to continue.
# Native memory allocation (malloc) failed to allocate 2160768 bytes. Error detail: Chunk::new
# Possible reasons:
#   The system is out of physical RAM or swap space
#   This process is running with CompressedOops enabled, and the Java Heap may be blocking the growth of the native heap
# Possible solutions:
#   Reduce memory load on the system
#   Increase physical memory or swap space
#   Check if swap backing store is full
#   Decrease Java heap size (-Xmx/-Xms)
#   Decrease number of Java threads
#   Decrease Java thread stack sizes (-Xss)
#   Set larger code cache with -XX:ReservedCodeCacheSize=
#   JVM is running with Unscaled Compressed Oops mode in which the Java heap is
#     placed in the first 4GB address space. The Java Heap base address is the
#     maximum limit for the native heap growth. Please use -XX:HeapBaseMinAddress
#     to set the Java Heap base and to place the Java Heap above 4GB virtual address.
# This output file may be truncated or incomplete.
#
#  Out of Memory Error (arena.cpp:168), pid=20716, tid=24780
#
# JRE version: OpenJDK Runtime Environment Temurin-21.0.7+6 (21.0.7+6) (build 21.0.7+6-LTS)
# Java VM: OpenJDK 64-Bit Server VM Temurin-21.0.7+6 (21.0.7+6-LTS, mixed mode, sharing, tiered, compressed oops, compressed class ptrs, parallel gc, windows-amd64)
# No core dump will be written. Minidumps are not enabled by default on client versions of Windows
#

---------------  S U M M A R Y ------------

Command Line: --add-modules=ALL-SYSTEM --add-opens=java.base/java.util=ALL-UNNAMED --add-opens=java.base/java.lang=ALL-UNNAMED --add-opens=java.base/sun.nio.fs=ALL-UNNAMED -Declipse.application=org.eclipse.jdt.ls.core.id1 -Dosgi.bundles.defaultStartLevel=4 -Declipse.product=org.eclipse.jdt.ls.core.product -Djava.import.generatesMetadataFilesAtProjectRoot=false -DDetectVMInstallationsJob.disabled=true -Dfile.encoding=utf8 -XX:+UseParallelGC -XX:GCTimeRatio=4 -XX:AdaptiveSizePolicyWeight=90 -Dsun.zip.disableMemoryMapping=true -Xmx1G -Xms100m -Xlog:disable -javaagent:c:\Users\Asus\.trae\extensions\redhat.java-1.42.0-win32-x64\lombok\lombok-1.18.36.jar c:\Users\Asus\.trae\extensions\redhat.java-1.42.0-win32-x64\server\plugins\org.eclipse.equinox.launcher_1.7.0.v20250424-1814.jar -configuration c:\Users\Asus\AppData\Roaming\Trae\User\globalStorage\redhat.java\1.42.0\config_ss_win -data c:\Users\Asus\AppData\Roaming\Trae\User\workspaceStorage\1d84f0c7d19014f802c40b71bdf35867\redhat.java\ss_ws --pipe=\\.\pipe\lsp-2274b1d52c05f71ebc6423a1d0a7107b-sock

Host: 12th Gen Intel(R) Core(TM) i5-12500H, 16 cores, 15G,  Windows 11 , 64 bit Build 26100 (10.0.26100.4202)
Time: Wed Jun 25 19:50:03 2025 SE Asia Standard Time elapsed time: 17.349233 seconds (0d 0h 0m 17s)

---------------  T H R E A D  ---------------

Current thread (0x000001e250afcdf0):  JavaThread "C2 CompilerThread1" daemon [_thread_in_native, id=24780, stack(0x0000002168000000,0x0000002168100000) (1024K)]


Current CompileTask:
C2:17349 7368       4       org.eclipse.jdt.internal.compiler.lookup.LookupEnvironment::getTypeFromTypeSignature (770 bytes)

Stack: [0x0000002168000000,0x0000002168100000]
Native frames: (J=compiled Java code, j=interpreted, Vv=VM code, C=native code)
V  [jvm.dll+0x6ce119]
V  [jvm.dll+0x8a84a1]
V  [jvm.dll+0x8aa9ce]
V  [jvm.dll+0x8ab0b3]
V  [jvm.dll+0x27f8a6]
V  [jvm.dll+0xc507d]
V  [jvm.dll+0xc55b3]
V  [jvm.dll+0x3b692c]
V  [jvm.dll+0x1dfe33]
V  [jvm.dll+0x247c42]
V  [jvm.dll+0x2470cf]
V  [jvm.dll+0x1c760e]
V  [jvm.dll+0x25695a]
V  [jvm.dll+0x254efa]
V  [jvm.dll+0x3f03f6]
V  [jvm.dll+0x851f6b]
V  [jvm.dll+0x6cc7dd]
C  [ucrtbase.dll+0x37b0]
C  [KERNEL32.DLL+0x2e8d7]
C  [ntdll.dll+0x3c34c]


---------------  P R O C E S S  ---------------

Threads class SMR info:
_java_thread_list=0x000001e25a42a7c0, length=62, elements={
0x000001e272581740, 0x000001e277969b30, 0x000001e27796d710, 0x000001e279046790,
0x000001e279049670, 0x000001e27904e770, 0x000001e279055740, 0x000001e27905bea0,
0x000001e279064920, 0x000001e279056460, 0x000001e27918c810, 0x000001e279054390,
0x000001e279054a20, 0x000001e279056af0, 0x000001e279055dd0, 0x000001e2790550b0,
0x000001e279053d00, 0x000001e27f4dbcf0, 0x000001e27f4dddc0, 0x000001e27f4dd0a0,
0x000001e27f4deae0, 0x000001e27f4dc380, 0x000001e27f4dd730, 0x000001e27f4de450,
0x000001e27f4dca10, 0x000001e27f4db660, 0x000001e27f4e0bb0, 0x000001e27f4e1f60,
0x000001e27f4e1240, 0x000001e27f4df170, 0x000001e27f4e2c80, 0x000001e27f4e18d0,
0x000001e27f4e25f0, 0x000001e27f4df800, 0x000001e27f4e0520, 0x000001e27f4dfe90,
0x000001e27f6f6d80, 0x000001e27f6fa890, 0x000001e27f6f7aa0, 0x000001e27f6f7410,
0x000001e27f6f94e0, 0x000001e27f6f8e50, 0x000001e27f6fb5b0, 0x000001e27f6f87c0,
0x000001e27f6fa200, 0x000001e27f6faf20, 0x000001e27f6f8130, 0x000001e27f6fdd10,
0x000001e27f6fe3a0, 0x000001e27f6fbc40, 0x000001e27f6fc2d0, 0x000001e27f6fd680,
0x000001e27f6fc960, 0x000001e27f6fcff0, 0x000001e25a070c70, 0x000001e25a0726b0,
0x000001e25a0733d0, 0x000001e25a0740f0, 0x000001e250afcdf0, 0x000001e250afe930,
0x000001e250afd4c0, 0x000001e250afe260
}

Java Threads: ( => current thread )
  0x000001e272581740 JavaThread "main"                              [_thread_blocked, id=14416, stack(0x0000002167100000,0x0000002167200000) (1024K)]
  0x000001e277969b30 JavaThread "Reference Handler"          daemon [_thread_blocked, id=25828, stack(0x0000002167500000,0x0000002167600000) (1024K)]
  0x000001e27796d710 JavaThread "Finalizer"                  daemon [_thread_blocked, id=17548, stack(0x0000002167600000,0x0000002167700000) (1024K)]
  0x000001e279046790 JavaThread "Signal Dispatcher"          daemon [_thread_blocked, id=21008, stack(0x0000002167700000,0x0000002167800000) (1024K)]
  0x000001e279049670 JavaThread "Attach Listener"            daemon [_thread_blocked, id=27020, stack(0x0000002167800000,0x0000002167900000) (1024K)]
  0x000001e27904e770 JavaThread "Service Thread"             daemon [_thread_blocked, id=28492, stack(0x0000002167900000,0x0000002167a00000) (1024K)]
  0x000001e279055740 JavaThread "Monitor Deflation Thread"   daemon [_thread_blocked, id=8972, stack(0x0000002167a00000,0x0000002167b00000) (1024K)]
  0x000001e27905bea0 JavaThread "C2 CompilerThread0"         daemon [_thread_in_native, id=28008, stack(0x0000002167b00000,0x0000002167c00000) (1024K)]
  0x000001e279064920 JavaThread "C1 CompilerThread0"         daemon [_thread_in_native, id=25984, stack(0x0000002167c00000,0x0000002167d00000) (1024K)]
  0x000001e279056460 JavaThread "Common-Cleaner"             daemon [_thread_blocked, id=1672, stack(0x0000002167d00000,0x0000002167e00000) (1024K)]
  0x000001e27918c810 JavaThread "C1 CompilerThread1"         daemon [_thread_in_native, id=21228, stack(0x0000002167e00000,0x0000002167f00000) (1024K)]
  0x000001e279054390 JavaThread "Notification Thread"        daemon [_thread_blocked, id=28504, stack(0x0000002168100000,0x0000002168200000) (1024K)]
  0x000001e279054a20 JavaThread "Active Thread: Equinox Container: e0e798c6-07a3-4d05-8d87-788407195c92"        [_thread_blocked, id=26500, stack(0x0000002168a00000,0x0000002168b00000) (1024K)]
  0x000001e279056af0 JavaThread "Framework Event Dispatcher: Equinox Container: e0e798c6-07a3-4d05-8d87-788407195c92" daemon [_thread_blocked, id=26756, stack(0x0000002168900000,0x0000002168a00000) (1024K)]
  0x000001e279055dd0 JavaThread "Start Level: Equinox Container: e0e798c6-07a3-4d05-8d87-788407195c92" daemon [_thread_blocked, id=20036, stack(0x0000002168b00000,0x0000002168c00000) (1024K)]
  0x000001e2790550b0 JavaThread "SCR Component Actor"        daemon [_thread_blocked, id=27584, stack(0x0000002168d00000,0x0000002168e00000) (1024K)]
  0x000001e279053d00 JavaThread "Worker-JM"                         [_thread_blocked, id=27540, stack(0x0000002168f00000,0x0000002169000000) (1024K)]
  0x000001e27f4dbcf0 JavaThread "JNA Cleaner"                daemon [_thread_blocked, id=28332, stack(0x0000002167f00000,0x0000002168000000) (1024K)]
  0x000001e27f4dddc0 JavaThread "Worker-0"                          [_thread_blocked, id=26332, stack(0x0000002169200000,0x0000002169300000) (1024K)]
  0x000001e27f4dd0a0 JavaThread "Worker-1"                          [_thread_blocked, id=15372, stack(0x0000002169300000,0x0000002169400000) (1024K)]
  0x000001e27f4deae0 JavaThread "Thread-2"                   daemon [_thread_in_native, id=27448, stack(0x0000002169b00000,0x0000002169c00000) (1024K)]
  0x000001e27f4dc380 JavaThread "Thread-3"                   daemon [_thread_in_native, id=1292, stack(0x0000002169c00000,0x0000002169d00000) (1024K)]
  0x000001e27f4dd730 JavaThread "Thread-4"                   daemon [_thread_in_native, id=9608, stack(0x0000002169d00000,0x0000002169e00000) (1024K)]
  0x000001e27f4de450 JavaThread "Thread-5"                   daemon [_thread_in_native, id=25560, stack(0x0000002169e00000,0x0000002169f00000) (1024K)]
  0x000001e27f4dca10 JavaThread "Thread-6"                   daemon [_thread_in_native, id=27724, stack(0x0000002169f00000,0x000000216a000000) (1024K)]
  0x000001e27f4db660 JavaThread "Thread-7"                   daemon [_thread_in_native, id=27656, stack(0x000000216a000000,0x000000216a100000) (1024K)]
  0x000001e27f4e0bb0 JavaThread "Thread-8"                   daemon [_thread_in_native, id=29076, stack(0x000000216a100000,0x000000216a200000) (1024K)]
  0x000001e27f4e1f60 JavaThread "Thread-9"                   daemon [_thread_in_native, id=26952, stack(0x000000216a200000,0x000000216a300000) (1024K)]
  0x000001e27f4e1240 JavaThread "Thread-10"                  daemon [_thread_in_native, id=20928, stack(0x000000216a300000,0x000000216a400000) (1024K)]
  0x000001e27f4df170 JavaThread "Thread-11"                  daemon [_thread_in_native, id=22924, stack(0x000000216a400000,0x000000216a500000) (1024K)]
  0x000001e27f4e2c80 JavaThread "Thread-12"                  daemon [_thread_in_native, id=3268, stack(0x000000216a500000,0x000000216a600000) (1024K)]
  0x000001e27f4e18d0 JavaThread "Thread-13"                  daemon [_thread_in_native, id=16568, stack(0x000000216a600000,0x000000216a700000) (1024K)]
  0x000001e27f4e25f0 JavaThread "Thread-14"                  daemon [_thread_in_native, id=27416, stack(0x000000216a700000,0x000000216a800000) (1024K)]
  0x000001e27f4df800 JavaThread "Thread-15"                  daemon [_thread_in_native, id=28264, stack(0x000000216a800000,0x000000216a900000) (1024K)]
  0x000001e27f4e0520 JavaThread "Thread-16"                  daemon [_thread_in_native, id=20604, stack(0x000000216a900000,0x000000216aa00000) (1024K)]
  0x000001e27f4dfe90 JavaThread "Thread-17"                  daemon [_thread_in_native, id=8216, stack(0x000000216aa00000,0x000000216ab00000) (1024K)]
  0x000001e27f6f6d80 JavaThread "Thread-18"                  daemon [_thread_in_native, id=23808, stack(0x000000216ab00000,0x000000216ac00000) (1024K)]
  0x000001e27f6fa890 JavaThread "pool-2-thread-1"                   [_thread_blocked, id=27036, stack(0x000000216ac00000,0x000000216ad00000) (1024K)]
  0x000001e27f6f7aa0 JavaThread "Worker-2"                          [_thread_blocked, id=7748, stack(0x0000002169400000,0x0000002169500000) (1024K)]
  0x000001e27f6f7410 JavaThread "WorkspaceEventsHandler"            [_thread_blocked, id=24848, stack(0x0000002169800000,0x0000002169900000) (1024K)]
  0x000001e27f6f94e0 JavaThread "pool-1-thread-1"                   [_thread_blocked, id=13704, stack(0x000000216ad00000,0x000000216ae00000) (1024K)]
  0x000001e27f6f8e50 JavaThread "ForkJoinPool.commonPool-worker-1" daemon [_thread_blocked, id=28884, stack(0x000000216af00000,0x000000216b000000) (1024K)]
  0x000001e27f6fb5b0 JavaThread "ForkJoinPool.commonPool-worker-2" daemon [_thread_in_Java, id=24328, stack(0x000000216b000000,0x000000216b100000) (1024K)]
  0x000001e27f6f87c0 JavaThread "Compiler Source File Reader" daemon [_thread_blocked, id=5012, stack(0x000000216b200000,0x000000216b300000) (1024K)]
  0x000001e27f6fa200 JavaThread "Compiler Source File Reader" daemon [_thread_blocked, id=26392, stack(0x000000216b300000,0x000000216b400000) (1024K)]
  0x000001e27f6faf20 JavaThread "Compiler Source File Reader" daemon [_thread_blocked, id=17532, stack(0x000000216b400000,0x000000216b500000) (1024K)]
  0x000001e27f6f8130 JavaThread "Compiler Source File Reader" daemon [_thread_blocked, id=22356, stack(0x000000216b500000,0x000000216b600000) (1024K)]
  0x000001e27f6fdd10 JavaThread "Compiler Source File Reader" daemon [_thread_blocked, id=27720, stack(0x000000216b600000,0x000000216b700000) (1024K)]
  0x000001e27f6fe3a0 JavaThread "Compiler Source File Reader" daemon [_thread_blocked, id=26488, stack(0x000000216b700000,0x000000216b800000) (1024K)]
  0x000001e27f6fbc40 JavaThread "Compiler Source File Reader" daemon [_thread_blocked, id=17016, stack(0x000000216b800000,0x000000216b900000) (1024K)]
  0x000001e27f6fc2d0 JavaThread "Compiler Source File Reader" daemon [_thread_blocked, id=20704, stack(0x000000216b900000,0x000000216ba00000) (1024K)]
  0x000001e27f6fd680 JavaThread "Compiler Source File Reader" daemon [_thread_blocked, id=28560, stack(0x000000216ba00000,0x000000216bb00000) (1024K)]
  0x000001e27f6fc960 JavaThread "Compiler Source File Reader" daemon [_thread_blocked, id=22240, stack(0x000000216bb00000,0x000000216bc00000) (1024K)]
  0x000001e27f6fcff0 JavaThread "Compiler Source File Reader" daemon [_thread_blocked, id=29672, stack(0x000000216bc00000,0x000000216bd00000) (1024K)]
  0x000001e25a070c70 JavaThread "Compiler Source File Reader" daemon [_thread_blocked, id=19912, stack(0x000000216bd00000,0x000000216be00000) (1024K)]
  0x000001e25a0726b0 JavaThread "Compiler Source File Reader" daemon [_thread_blocked, id=29368, stack(0x000000216be00000,0x000000216bf00000) (1024K)]
  0x000001e25a0733d0 JavaThread "Compiler Source File Reader" daemon [_thread_blocked, id=28376, stack(0x000000216bf00000,0x000000216c000000) (1024K)]
  0x000001e25a0740f0 JavaThread "Compiler Processing Task"   daemon [_thread_blocked, id=17328, stack(0x000000216c200000,0x000000216c300000) (1024K)]
=>0x000001e250afcdf0 JavaThread "C2 CompilerThread1"         daemon [_thread_in_native, id=24780, stack(0x0000002168000000,0x0000002168100000) (1024K)]
  0x000001e250afe930 JavaThread "C2 CompilerThread2"         daemon [_thread_in_native, id=6040, stack(0x0000002168300000,0x0000002168400000) (1024K)]
  0x000001e250afd4c0 JavaThread "C2 CompilerThread3"         daemon [_thread_in_native, id=26284, stack(0x0000002168e00000,0x0000002168f00000) (1024K)]
  0x000001e250afe260 JavaThread "C2 CompilerThread4"         daemon [_thread_in_native, id=23720, stack(0x000000216ae00000,0x000000216af00000) (1024K)]
Total: 62

Other Threads:
  0x000001e27263e750 VMThread "VM Thread"                           [id=12664, stack(0x0000002167400000,0x0000002167500000) (1024K)]
  0x000001e27784ca00 WatcherThread "VM Periodic Task Thread"        [id=18408, stack(0x0000002167300000,0x0000002167400000) (1024K)]
  0x000001e2725a0010 WorkerThread "GC Thread#0"                     [id=21452, stack(0x0000002167200000,0x0000002167300000) (1024K)]
  0x000001e27aec6e30 WorkerThread "GC Thread#1"                     [id=8404, stack(0x0000002168200000,0x0000002168300000) (1024K)]
  0x000001e27a7b3680 WorkerThread "GC Thread#2"                     [id=26704, stack(0x0000002168400000,0x0000002168500000) (1024K)]
  0x000001e27a7b3a20 WorkerThread "GC Thread#3"                     [id=26916, stack(0x0000002168500000,0x0000002168600000) (1024K)]
  0x000001e27a7b3dc0 WorkerThread "GC Thread#4"                     [id=26988, stack(0x0000002168600000,0x0000002168700000) (1024K)]
  0x000001e27a7b4160 WorkerThread "GC Thread#5"                     [id=29468, stack(0x0000002168700000,0x0000002168800000) (1024K)]
  0x000001e27ac44b40 WorkerThread "GC Thread#6"                     [id=18836, stack(0x0000002168800000,0x0000002168900000) (1024K)]
  0x000001e27f182380 WorkerThread "GC Thread#7"                     [id=17528, stack(0x0000002168c00000,0x0000002168d00000) (1024K)]
  0x000001e27f4fc3e0 WorkerThread "GC Thread#8"                     [id=27208, stack(0x0000002169000000,0x0000002169100000) (1024K)]
  0x000001e27f4fc780 WorkerThread "GC Thread#9"                     [id=27992, stack(0x0000002169100000,0x0000002169200000) (1024K)]
  0x000001e27fa597a0 WorkerThread "GC Thread#10"                    [id=26708, stack(0x0000002169500000,0x0000002169600000) (1024K)]
  0x000001e27fa5ad60 WorkerThread "GC Thread#11"                    [id=28848, stack(0x0000002169600000,0x0000002169700000) (1024K)]
  0x000001e27fa5a620 WorkerThread "GC Thread#12"                    [id=19196, stack(0x0000002169700000,0x0000002169800000) (1024K)]
Total: 15

Threads with active compile tasks:
C2 CompilerThread0  17373 7563       4       org.eclipse.jdt.core.compiler.CharOperation::equals (68 bytes)
C1 CompilerThread0  17373 7566   !   3       org.eclipse.jdt.internal.compiler.parser.AbstractCommentParser::commentParse (2358 bytes)
C1 CompilerThread1  17373 7568       1       java.util.Collections$EmptyList::size (2 bytes)
C2 CompilerThread1  17374 7368       4       org.eclipse.jdt.internal.compiler.lookup.LookupEnvironment::getTypeFromTypeSignature (770 bytes)
C2 CompilerThread2  17374 7550       4       org.eclipse.core.runtime.Path::toOSString (224 bytes)
C2 CompilerThread3  17374 7313   !   4       org.eclipse.osgi.internal.loader.classpath.ClasspathManager::defineClass (636 bytes)
C2 CompilerThread4  17374 7557   !   4       jdk.internal.jrtfs.JrtPath::toUri (169 bytes)
C2 CompilerThread5  17374 7579       4       java.util.ArrayList::toArray (57 bytes)
Total: 8

VM state: not at safepoint (normal execution)

VM Mutex/Monitor currently owned by a thread: None

Heap address: 0x00000000c0000000, size: 1024 MB, Compressed Oops mode: 32-bit

CDS archive(s) mapped at: [0x000001e20f000000-0x000001e20fba0000-0x000001e20fba0000), size 12189696, SharedBaseAddress: 0x000001e20f000000, ArchiveRelocationMode: 1.
Compressed class space mapped at: 0x000001e210000000-0x000001e250000000, reserved size: 1073741824
Narrow klass base: 0x000001e20f000000, Narrow klass shift: 0, Narrow klass range: 0x100000000

GC Precious Log:
 CardTable entry size: 512
 CPUs: 16 total, 16 available
 Memory: 16077M
 Large Page Support: Disabled
 NUMA Support: Disabled
 Compressed Oops: Enabled (32-bit)
 Alignments: Space 512K, Generation 512K, Heap 2M
 Heap Min Capacity: 100M
 Heap Initial Capacity: 100M
 Heap Max Capacity: 1G
 Pre-touch: Disabled
 Parallel Workers: 13

Heap:
 PSYoungGen      total 24064K, used 10945K [0x00000000eab00000, 0x00000000ec800000, 0x0000000100000000)
  eden space 20992K, 38% used [0x00000000eab00000,0x00000000eb2f06c0,0x00000000ebf80000)
  from space 3072K, 91% used [0x00000000ec500000,0x00000000ec7c0020,0x00000000ec800000)
  to   space 4096K, 0% used [0x00000000ec000000,0x00000000ec000000,0x00000000ec400000)
 ParOldGen       total 68608K, used 37497K [0x00000000c0000000, 0x00000000c4300000, 0x00000000eab00000)
  object space 68608K, 54% used [0x00000000c0000000,0x00000000c249e4d0,0x00000000c4300000)
 Metaspace       used 45368K, committed 46464K, reserved 1114112K
  class space    used 4302K, committed 4800K, reserved 1048576K

Card table byte_map: [0x000001e271f20000,0x000001e272130000] _byte_map_base: 0x000001e271920000

Marking Bits: (ParMarkBitMap*) 0x00007ffa645f31f0
 Begin Bits: [0x000001e275770000, 0x000001e276770000)
 End Bits:   [0x000001e276770000, 0x000001e277770000)

Polling page: 0x000001e270120000

Metaspace:

Usage:
  Non-class:     40.10 MB used.
      Class:      4.20 MB used.
       Both:     44.30 MB used.

Virtual space:
  Non-class space:       64.00 MB reserved,      40.69 MB ( 64%) committed,  1 nodes.
      Class space:        1.00 GB reserved,       4.69 MB ( <1%) committed,  1 nodes.
             Both:        1.06 GB reserved,      45.38 MB (  4%) committed. 

Chunk freelists:
   Non-Class:  6.41 MB
       Class:  11.27 MB
        Both:  17.67 MB

MaxMetaspaceSize: unlimited
CompressedClassSpaceSize: 1.00 GB
Initial GC threshold: 21.00 MB
Current GC threshold: 58.38 MB
CDS: on
 - commit_granule_bytes: 65536.
 - commit_granule_words: 8192.
 - virtual_space_node_default_size: 8388608.
 - enlarge_chunks_in_place: 1.
 - use_allocation_guard: 0.


Internal statistics:

num_allocs_failed_limit: 6.
num_arena_births: 992.
num_arena_deaths: 96.
num_vsnodes_births: 2.
num_vsnodes_deaths: 0.
num_space_committed: 726.
num_space_uncommitted: 0.
num_chunks_returned_to_freelist: 131.
num_chunks_taken_from_freelist: 3144.
num_chunk_merges: 28.
num_chunk_splits: 1885.
num_chunks_enlarged: 1044.
num_inconsistent_stats: 0.

CodeHeap 'non-profiled nmethods': size=119168Kb used=4704Kb max_used=4704Kb free=114463Kb
 bounds [0x000001e207ba0000, 0x000001e208040000, 0x000001e20f000000]
CodeHeap 'profiled nmethods': size=119104Kb used=17951Kb max_used=17951Kb free=101152Kb
 bounds [0x000001e200000000, 0x000001e201190000, 0x000001e207450000]
CodeHeap 'non-nmethods': size=7488Kb used=1979Kb max_used=3165Kb free=5508Kb
 bounds [0x000001e207450000, 0x000001e207790000, 0x000001e207ba0000]
 total_blobs=7856 nmethods=7137 adapters=622
 compilation: enabled
              stopped_count=0, restarted_count=0
 full_count=0

Compilation events (20 events):
Event: 16.106 Thread 0x000001e250afe930 nmethod 7315 0x000001e208034290 code [0x000001e2080344e0, 0x000001e208034ac8]
Event: 16.106 Thread 0x000001e250afe930 7333       4       org.eclipse.jdt.internal.compiler.parser.ScannerHelper::toLowerCase (42 bytes)
Event: 16.110 Thread 0x000001e250afe930 nmethod 7333 0x000001e208035090 code [0x000001e208035220, 0x000001e2080353a8]
Event: 16.110 Thread 0x000001e250afe930 7418       4       java.util.concurrent.atomic.AtomicLong::incrementAndGet (14 bytes)
Event: 16.111 Thread 0x000001e250afe930 nmethod 7418 0x000001e208035510 code [0x000001e2080356a0, 0x000001e208035738]
Event: 16.111 Thread 0x000001e250afe930 7312   !   4       java.util.zip.Inflater::needsInput (55 bytes)
Event: 16.114 Thread 0x000001e250afe930 nmethod 7312 0x000001e208035810 code [0x000001e2080359a0, 0x000001e208035bf8]
Event: 16.114 Thread 0x000001e250afe930 7437       4       java.util.concurrent.atomic.AtomicInteger::incrementAndGet (14 bytes)
Event: 16.116 Thread 0x000001e250afe930 nmethod 7437 0x000001e208035d10 code [0x000001e208035ea0, 0x000001e208035f38]
Event: 16.116 Thread 0x000001e250afe930 7438       4       java.util.concurrent.atomic.AtomicInteger::decrementAndGet (14 bytes)
Event: 16.117 Thread 0x000001e27905bea0 nmethod 7330 0x000001e208036010 code [0x000001e208036220, 0x000001e208036a28]
Event: 16.117 Thread 0x000001e250afe930 nmethod 7438 0x000001e208036f10 code [0x000001e2080370a0, 0x000001e208037138]
Event: 16.155 Thread 0x000001e27918c810 7548       3       java.util.Collections$EmptyMap::entrySet (4 bytes)
Event: 16.156 Thread 0x000001e27918c810 nmethod 7548 0x000001e20117d010 code [0x000001e20117d1c0, 0x000001e20117d330]
Event: 16.206 Thread 0x000001e279064920 7549       1       sun.util.calendar.CalendarDate::getMonth (5 bytes)
Event: 16.206 Thread 0x000001e279064920 nmethod 7549 0x000001e208037210 code [0x000001e2080373a0, 0x000001e208037468]
Event: 16.490 Thread 0x000001e250afe930 7550       4       org.eclipse.core.runtime.Path::toOSString (224 bytes)
Event: 16.490 Thread 0x000001e27905bea0 7551       4       java.util.ArrayList::toArray (57 bytes)
Event: 16.490 Thread 0x000001e27918c810 7552       3       org.eclipse.core.internal.resources.Resource::isLinked (133 bytes)
Event: 16.490 Thread 0x000001e279064920 7553       3       org.eclipse.jdt.internal.compiler.impl.CompilerOptions::getSeverityString (49 bytes)

GC Heap History (20 events):
Event: 8.537 GC heap before
{Heap before GC invocations=17 (full 1):
 PSYoungGen      total 24576K, used 24416K [0x00000000eab00000, 0x00000000ec580000, 0x0000000100000000)
  eden space 22016K, 100% used [0x00000000eab00000,0x00000000ec080000,0x00000000ec080000)
  from space 2560K, 93% used [0x00000000ec080000,0x00000000ec2d8010,0x00000000ec300000)
  to   space 2560K, 0% used [0x00000000ec300000,0x00000000ec300000,0x00000000ec580000)
 ParOldGen       total 68608K, used 24791K [0x00000000c0000000, 0x00000000c4300000, 0x00000000eab00000)
  object space 68608K, 36% used [0x00000000c0000000,0x00000000c1835e48,0x00000000c4300000)
 Metaspace       used 32508K, committed 33408K, reserved 1114112K
  class space    used 3194K, committed 3584K, reserved 1048576K
}
Event: 8.542 GC heap after
{Heap after GC invocations=17 (full 1):
 PSYoungGen      total 24576K, used 1976K [0x00000000eab00000, 0x00000000ec580000, 0x0000000100000000)
  eden space 22016K, 0% used [0x00000000eab00000,0x00000000eab00000,0x00000000ec080000)
  from space 2560K, 77% used [0x00000000ec300000,0x00000000ec4ee200,0x00000000ec580000)
  to   space 2560K, 0% used [0x00000000ec080000,0x00000000ec080000,0x00000000ec300000)
 ParOldGen       total 68608K, used 26991K [0x00000000c0000000, 0x00000000c4300000, 0x00000000eab00000)
  object space 68608K, 39% used [0x00000000c0000000,0x00000000c1a5be58,0x00000000c4300000)
 Metaspace       used 32508K, committed 33408K, reserved 1114112K
  class space    used 3194K, committed 3584K, reserved 1048576K
}
Event: 8.927 GC heap before
{Heap before GC invocations=18 (full 1):
 PSYoungGen      total 24576K, used 22397K [0x00000000eab00000, 0x00000000ec580000, 0x0000000100000000)
  eden space 22016K, 92% used [0x00000000eab00000,0x00000000ebef14b0,0x00000000ec080000)
  from space 2560K, 77% used [0x00000000ec300000,0x00000000ec4ee200,0x00000000ec580000)
  to   space 2560K, 0% used [0x00000000ec080000,0x00000000ec080000,0x00000000ec300000)
 ParOldGen       total 68608K, used 26991K [0x00000000c0000000, 0x00000000c4300000, 0x00000000eab00000)
  object space 68608K, 39% used [0x00000000c0000000,0x00000000c1a5be58,0x00000000c4300000)
 Metaspace       used 34966K, committed 35840K, reserved 1114112K
  class space    used 3458K, committed 3840K, reserved 1048576K
}
Event: 8.930 GC heap after
{Heap after GC invocations=18 (full 1):
 PSYoungGen      total 24576K, used 2114K [0x00000000eab00000, 0x00000000ec580000, 0x0000000100000000)
  eden space 22016K, 0% used [0x00000000eab00000,0x00000000eab00000,0x00000000ec080000)
  from space 2560K, 82% used [0x00000000ec080000,0x00000000ec290928,0x00000000ec300000)
  to   space 2560K, 0% used [0x00000000ec300000,0x00000000ec300000,0x00000000ec580000)
 ParOldGen       total 68608K, used 28836K [0x00000000c0000000, 0x00000000c4300000, 0x00000000eab00000)
  object space 68608K, 42% used [0x00000000c0000000,0x00000000c1c293b0,0x00000000c4300000)
 Metaspace       used 34966K, committed 35840K, reserved 1114112K
  class space    used 3458K, committed 3840K, reserved 1048576K
}
Event: 8.930 GC heap before
{Heap before GC invocations=19 (full 2):
 PSYoungGen      total 24576K, used 2114K [0x00000000eab00000, 0x00000000ec580000, 0x0000000100000000)
  eden space 22016K, 0% used [0x00000000eab00000,0x00000000eab00000,0x00000000ec080000)
  from space 2560K, 82% used [0x00000000ec080000,0x00000000ec290928,0x00000000ec300000)
  to   space 2560K, 0% used [0x00000000ec300000,0x00000000ec300000,0x00000000ec580000)
 ParOldGen       total 68608K, used 28836K [0x00000000c0000000, 0x00000000c4300000, 0x00000000eab00000)
  object space 68608K, 42% used [0x00000000c0000000,0x00000000c1c293b0,0x00000000c4300000)
 Metaspace       used 34966K, committed 35840K, reserved 1114112K
  class space    used 3458K, committed 3840K, reserved 1048576K
}
Event: 8.973 GC heap after
{Heap after GC invocations=19 (full 2):
 PSYoungGen      total 24576K, used 0K [0x00000000eab00000, 0x00000000ec580000, 0x0000000100000000)
  eden space 22016K, 0% used [0x00000000eab00000,0x00000000eab00000,0x00000000ec080000)
  from space 2560K, 0% used [0x00000000ec080000,0x00000000ec080000,0x00000000ec300000)
  to   space 2560K, 0% used [0x00000000ec300000,0x00000000ec300000,0x00000000ec580000)
 ParOldGen       total 68608K, used 28144K [0x00000000c0000000, 0x00000000c4300000, 0x00000000eab00000)
  object space 68608K, 41% used [0x00000000c0000000,0x00000000c1b7c398,0x00000000c4300000)
 Metaspace       used 34894K, committed 35840K, reserved 1114112K
  class space    used 3438K, committed 3840K, reserved 1048576K
}
Event: 9.181 GC heap before
{Heap before GC invocations=20 (full 2):
 PSYoungGen      total 24576K, used 21983K [0x00000000eab00000, 0x00000000ec580000, 0x0000000100000000)
  eden space 22016K, 99% used [0x00000000eab00000,0x00000000ec077c88,0x00000000ec080000)
  from space 2560K, 0% used [0x00000000ec080000,0x00000000ec080000,0x00000000ec300000)
  to   space 2560K, 0% used [0x00000000ec300000,0x00000000ec300000,0x00000000ec580000)
 ParOldGen       total 68608K, used 28144K [0x00000000c0000000, 0x00000000c4300000, 0x00000000eab00000)
  object space 68608K, 41% used [0x00000000c0000000,0x00000000c1b7c398,0x00000000c4300000)
 Metaspace       used 36514K, committed 37504K, reserved 1114112K
  class space    used 3602K, committed 4032K, reserved 1048576K
}
Event: 9.183 GC heap after
{Heap after GC invocations=20 (full 2):
 PSYoungGen      total 23552K, used 1113K [0x00000000eab00000, 0x00000000ec480000, 0x0000000100000000)
  eden space 22016K, 0% used [0x00000000eab00000,0x00000000eab00000,0x00000000ec080000)
  from space 1536K, 72% used [0x00000000ec300000,0x00000000ec416528,0x00000000ec480000)
  to   space 1536K, 0% used [0x00000000ec180000,0x00000000ec180000,0x00000000ec300000)
 ParOldGen       total 68608K, used 28152K [0x00000000c0000000, 0x00000000c4300000, 0x00000000eab00000)
  object space 68608K, 41% used [0x00000000c0000000,0x00000000c1b7e398,0x00000000c4300000)
 Metaspace       used 36514K, committed 37504K, reserved 1114112K
  class space    used 3602K, committed 4032K, reserved 1048576K
}
Event: 9.480 GC heap before
{Heap before GC invocations=21 (full 2):
 PSYoungGen      total 23552K, used 23129K [0x00000000eab00000, 0x00000000ec480000, 0x0000000100000000)
  eden space 22016K, 100% used [0x00000000eab00000,0x00000000ec080000,0x00000000ec080000)
  from space 1536K, 72% used [0x00000000ec300000,0x00000000ec416528,0x00000000ec480000)
  to   space 1536K, 0% used [0x00000000ec180000,0x00000000ec180000,0x00000000ec300000)
 ParOldGen       total 68608K, used 28152K [0x00000000c0000000, 0x00000000c4300000, 0x00000000eab00000)
  object space 68608K, 41% used [0x00000000c0000000,0x00000000c1b7e398,0x00000000c4300000)
 Metaspace       used 38089K, committed 39104K, reserved 1114112K
  class space    used 3746K, committed 4160K, reserved 1048576K
}
Event: 9.483 GC heap after
{Heap after GC invocations=21 (full 2):
 PSYoungGen      total 23552K, used 1518K [0x00000000eab00000, 0x00000000ec780000, 0x0000000100000000)
  eden space 22016K, 0% used [0x00000000eab00000,0x00000000eab00000,0x00000000ec080000)
  from space 1536K, 98% used [0x00000000ec180000,0x00000000ec2fb8e0,0x00000000ec300000)
  to   space 3584K, 0% used [0x00000000ec400000,0x00000000ec400000,0x00000000ec780000)
 ParOldGen       total 68608K, used 29829K [0x00000000c0000000, 0x00000000c4300000, 0x00000000eab00000)
  object space 68608K, 43% used [0x00000000c0000000,0x00000000c1d215a0,0x00000000c4300000)
 Metaspace       used 38089K, committed 39104K, reserved 1114112K
  class space    used 3746K, committed 4160K, reserved 1048576K
}
Event: 9.569 GC heap before
{Heap before GC invocations=22 (full 2):
 PSYoungGen      total 23552K, used 23534K [0x00000000eab00000, 0x00000000ec780000, 0x0000000100000000)
  eden space 22016K, 100% used [0x00000000eab00000,0x00000000ec080000,0x00000000ec080000)
  from space 1536K, 98% used [0x00000000ec180000,0x00000000ec2fb8e0,0x00000000ec300000)
  to   space 3584K, 0% used [0x00000000ec400000,0x00000000ec400000,0x00000000ec780000)
 ParOldGen       total 68608K, used 29829K [0x00000000c0000000, 0x00000000c4300000, 0x00000000eab00000)
  object space 68608K, 43% used [0x00000000c0000000,0x00000000c1d215a0,0x00000000c4300000)
 Metaspace       used 38325K, committed 39296K, reserved 1114112K
  class space    used 3770K, committed 4160K, reserved 1048576K
}
Event: 9.571 GC heap after
{Heap after GC invocations=22 (full 2):
 PSYoungGen      total 23552K, used 1078K [0x00000000eab00000, 0x00000000ec580000, 0x0000000100000000)
  eden space 22016K, 0% used [0x00000000eab00000,0x00000000eab00000,0x00000000ec080000)
  from space 1536K, 70% used [0x00000000ec400000,0x00000000ec50d800,0x00000000ec580000)
  to   space 2048K, 0% used [0x00000000ec180000,0x00000000ec180000,0x00000000ec380000)
 ParOldGen       total 68608K, used 31048K [0x00000000c0000000, 0x00000000c4300000, 0x00000000eab00000)
  object space 68608K, 45% used [0x00000000c0000000,0x00000000c1e52310,0x00000000c4300000)
 Metaspace       used 38325K, committed 39296K, reserved 1114112K
  class space    used 3770K, committed 4160K, reserved 1048576K
}
Event: 9.900 GC heap before
{Heap before GC invocations=23 (full 2):
 PSYoungGen      total 23552K, used 23094K [0x00000000eab00000, 0x00000000ec580000, 0x0000000100000000)
  eden space 22016K, 100% used [0x00000000eab00000,0x00000000ec080000,0x00000000ec080000)
  from space 1536K, 70% used [0x00000000ec400000,0x00000000ec50d800,0x00000000ec580000)
  to   space 2048K, 0% used [0x00000000ec180000,0x00000000ec180000,0x00000000ec380000)
 ParOldGen       total 68608K, used 31048K [0x00000000c0000000, 0x00000000c4300000, 0x00000000eab00000)
  object space 68608K, 45% used [0x00000000c0000000,0x00000000c1e52310,0x00000000c4300000)
 Metaspace       used 40238K, committed 41216K, reserved 1114112K
  class space    used 3943K, committed 4416K, reserved 1048576K
}
Event: 9.902 GC heap after
{Heap after GC invocations=23 (full 2):
 PSYoungGen      total 23552K, used 1418K [0x00000000eab00000, 0x00000000ec480000, 0x0000000100000000)
  eden space 22016K, 0% used [0x00000000eab00000,0x00000000eab00000,0x00000000ec080000)
  from space 1536K, 92% used [0x00000000ec180000,0x00000000ec2e2808,0x00000000ec300000)
  to   space 1536K, 0% used [0x00000000ec300000,0x00000000ec300000,0x00000000ec480000)
 ParOldGen       total 68608K, used 31184K [0x00000000c0000000, 0x00000000c4300000, 0x00000000eab00000)
  object space 68608K, 45% used [0x00000000c0000000,0x00000000c1e74310,0x00000000c4300000)
 Metaspace       used 40238K, committed 41216K, reserved 1114112K
  class space    used 3943K, committed 4416K, reserved 1048576K
}
Event: 10.274 GC heap before
{Heap before GC invocations=24 (full 2):
 PSYoungGen      total 23552K, used 23434K [0x00000000eab00000, 0x00000000ec480000, 0x0000000100000000)
  eden space 22016K, 100% used [0x00000000eab00000,0x00000000ec080000,0x00000000ec080000)
  from space 1536K, 92% used [0x00000000ec180000,0x00000000ec2e2808,0x00000000ec300000)
  to   space 1536K, 0% used [0x00000000ec300000,0x00000000ec300000,0x00000000ec480000)
 ParOldGen       total 68608K, used 31184K [0x00000000c0000000, 0x00000000c4300000, 0x00000000eab00000)
  object space 68608K, 45% used [0x00000000c0000000,0x00000000c1e74310,0x00000000c4300000)
 Metaspace       used 41942K, committed 43008K, reserved 1114112K
  class space    used 4105K, committed 4608K, reserved 1048576K
}
Event: 10.277 GC heap after
{Heap after GC invocations=24 (full 2):
 PSYoungGen      total 22528K, used 1521K [0x00000000eab00000, 0x00000000ec780000, 0x0000000100000000)
  eden space 20992K, 0% used [0x00000000eab00000,0x00000000eab00000,0x00000000ebf80000)
  from space 1536K, 99% used [0x00000000ec300000,0x00000000ec47c4e0,0x00000000ec480000)
  to   space 3584K, 0% used [0x00000000ebf80000,0x00000000ebf80000,0x00000000ec300000)
 ParOldGen       total 68608K, used 32717K [0x00000000c0000000, 0x00000000c4300000, 0x00000000eab00000)
  object space 68608K, 47% used [0x00000000c0000000,0x00000000c1ff35f8,0x00000000c4300000)
 Metaspace       used 41942K, committed 43008K, reserved 1114112K
  class space    used 4105K, committed 4608K, reserved 1048576K
}
Event: 11.677 GC heap before
{Heap before GC invocations=25 (full 2):
 PSYoungGen      total 22528K, used 22513K [0x00000000eab00000, 0x00000000ec780000, 0x0000000100000000)
  eden space 20992K, 100% used [0x00000000eab00000,0x00000000ebf80000,0x00000000ebf80000)
  from space 1536K, 99% used [0x00000000ec300000,0x00000000ec47c4e0,0x00000000ec480000)
  to   space 3584K, 0% used [0x00000000ebf80000,0x00000000ebf80000,0x00000000ec300000)
 ParOldGen       total 68608K, used 32717K [0x00000000c0000000, 0x00000000c4300000, 0x00000000eab00000)
  object space 68608K, 47% used [0x00000000c0000000,0x00000000c1ff35f8,0x00000000c4300000)
 Metaspace       used 43245K, committed 44288K, reserved 1114112K
  class space    used 4189K, committed 4672K, reserved 1048576K
}
Event: 11.681 GC heap after
{Heap after GC invocations=25 (full 2):
 PSYoungGen      total 24576K, used 3553K [0x00000000eab00000, 0x00000000eca80000, 0x0000000100000000)
  eden space 20992K, 0% used [0x00000000eab00000,0x00000000eab00000,0x00000000ebf80000)
  from space 3584K, 99% used [0x00000000ebf80000,0x00000000ec2f8708,0x00000000ec300000)
  to   space 5632K, 0% used [0x00000000ec500000,0x00000000ec500000,0x00000000eca80000)
 ParOldGen       total 68608K, used 34155K [0x00000000c0000000, 0x00000000c4300000, 0x00000000eab00000)
  object space 68608K, 49% used [0x00000000c0000000,0x00000000c215ac08,0x00000000c4300000)
 Metaspace       used 43245K, committed 44288K, reserved 1114112K
  class space    used 4189K, committed 4672K, reserved 1048576K
}
Event: 14.726 GC heap before
{Heap before GC invocations=26 (full 2):
 PSYoungGen      total 24576K, used 24545K [0x00000000eab00000, 0x00000000eca80000, 0x0000000100000000)
  eden space 20992K, 100% used [0x00000000eab00000,0x00000000ebf80000,0x00000000ebf80000)
  from space 3584K, 99% used [0x00000000ebf80000,0x00000000ec2f8708,0x00000000ec300000)
  to   space 5632K, 0% used [0x00000000ec500000,0x00000000ec500000,0x00000000eca80000)
 ParOldGen       total 68608K, used 34155K [0x00000000c0000000, 0x00000000c4300000, 0x00000000eab00000)
  object space 68608K, 49% used [0x00000000c0000000,0x00000000c215ac08,0x00000000c4300000)
 Metaspace       used 44267K, committed 45248K, reserved 1114112K
  class space    used 4224K, committed 4672K, reserved 1048576K
}
Event: 14.730 GC heap after
{Heap after GC invocations=26 (full 2):
 PSYoungGen      total 24064K, used 2816K [0x00000000eab00000, 0x00000000ec800000, 0x0000000100000000)
  eden space 20992K, 0% used [0x00000000eab00000,0x00000000eab00000,0x00000000ebf80000)
  from space 3072K, 91% used [0x00000000ec500000,0x00000000ec7c0020,0x00000000ec800000)
  to   space 4096K, 0% used [0x00000000ec000000,0x00000000ec000000,0x00000000ec400000)
 ParOldGen       total 68608K, used 37497K [0x00000000c0000000, 0x00000000c4300000, 0x00000000eab00000)
  object space 68608K, 54% used [0x00000000c0000000,0x00000000c249e4d0,0x00000000c4300000)
 Metaspace       used 44267K, committed 45248K, reserved 1114112K
  class space    used 4224K, committed 4672K, reserved 1048576K
}

Dll operation events (10 events):
Event: 0.026 Loaded shared library c:\Users\Asus\.trae\extensions\redhat.java-1.42.0-win32-x64\jre\21.0.7-win32-x86_64\bin\java.dll
Event: 0.078 Loaded shared library c:\Users\Asus\.trae\extensions\redhat.java-1.42.0-win32-x64\jre\21.0.7-win32-x86_64\bin\zip.dll
Event: 0.161 Loaded shared library C:\Users\Asus\.trae\extensions\redhat.java-1.42.0-win32-x64\jre\21.0.7-win32-x86_64\bin\instrument.dll
Event: 0.169 Loaded shared library C:\Users\Asus\.trae\extensions\redhat.java-1.42.0-win32-x64\jre\21.0.7-win32-x86_64\bin\net.dll
Event: 0.172 Loaded shared library C:\Users\Asus\.trae\extensions\redhat.java-1.42.0-win32-x64\jre\21.0.7-win32-x86_64\bin\nio.dll
Event: 0.178 Loaded shared library C:\Users\Asus\.trae\extensions\redhat.java-1.42.0-win32-x64\jre\21.0.7-win32-x86_64\bin\zip.dll
Event: 0.200 Loaded shared library C:\Users\Asus\.trae\extensions\redhat.java-1.42.0-win32-x64\jre\21.0.7-win32-x86_64\bin\jimage.dll
Event: 0.321 Loaded shared library c:\Users\Asus\.trae\extensions\redhat.java-1.42.0-win32-x64\jre\21.0.7-win32-x86_64\bin\verify.dll
Event: 2.844 Loaded shared library C:\Users\Asus\AppData\Roaming\Trae\User\globalStorage\redhat.java\1.42.0\config_ss_win\org.eclipse.equinox.launcher\org.eclipse.equinox.launcher.win32.win32.x86_64_1.2.1300.v20250331-1702\eclipse_11911.dll
Event: 4.536 Loaded shared library C:\Users\Asus\AppData\Local\Temp\jna-2050672\jna2628316132668649674.dll

Deoptimization events (20 events):
Event: 14.981 Thread 0x000001e27f6fb5b0 DEOPT PACKING pc=0x000001e207e9ef84 sp=0x000000216b0fed60
Event: 14.981 Thread 0x000001e27f6fb5b0 DEOPT UNPACKING pc=0x000001e2074a3aa2 sp=0x000000216b0fed00 mode 2
Event: 14.986 Thread 0x000001e27f6fb5b0 Uncommon trap: trap_request=0xffffffc6 fr.pc=0x000001e207e9ef84 relative=0x00000000000003e4
Event: 14.986 Thread 0x000001e27f6fb5b0 Uncommon trap: reason=bimorphic_or_optimized_type_check action=maybe_recompile pc=0x000001e207e9ef84 method=java.lang.reflect.Field.get(Ljava/lang/Object;)Ljava/lang/Object; @ 22 c2
Event: 14.987 Thread 0x000001e27f6fb5b0 DEOPT PACKING pc=0x000001e207e9ef84 sp=0x000000216b0fece0
Event: 14.987 Thread 0x000001e27f6fb5b0 DEOPT UNPACKING pc=0x000001e2074a3aa2 sp=0x000000216b0fec80 mode 2
Event: 14.995 Thread 0x000001e27f6fb5b0 Uncommon trap: trap_request=0xffffff45 fr.pc=0x000001e207c58f5c relative=0x000000000000019c
Event: 14.995 Thread 0x000001e27f6fb5b0 Uncommon trap: reason=unstable_if action=reinterpret pc=0x000001e207c58f5c method=java.util.concurrent.ConcurrentHashMap.get(Ljava/lang/Object;)Ljava/lang/Object; @ 152 c2
Event: 14.995 Thread 0x000001e27f6fb5b0 DEOPT PACKING pc=0x000001e207c58f5c sp=0x000000216b0fe9a0
Event: 14.995 Thread 0x000001e27f6fb5b0 DEOPT UNPACKING pc=0x000001e2074a3aa2 sp=0x000000216b0fe918 mode 2
Event: 14.995 Thread 0x000001e27f6fb5b0 Uncommon trap: trap_request=0xffffffc6 fr.pc=0x000001e207e9ef84 relative=0x00000000000003e4
Event: 14.995 Thread 0x000001e27f6fb5b0 Uncommon trap: reason=bimorphic_or_optimized_type_check action=maybe_recompile pc=0x000001e207e9ef84 method=java.lang.reflect.Field.get(Ljava/lang/Object;)Ljava/lang/Object; @ 22 c2
Event: 14.995 Thread 0x000001e27f6fb5b0 DEOPT PACKING pc=0x000001e207e9ef84 sp=0x000000216b0fe940
Event: 14.995 Thread 0x000001e27f6fb5b0 DEOPT UNPACKING pc=0x000001e2074a3aa2 sp=0x000000216b0fe8e0 mode 2
Event: 14.998 Thread 0x000001e27f6fb5b0 DEOPT PACKING pc=0x000001e20074bde0 sp=0x000000216b0fe580
Event: 14.998 Thread 0x000001e27f6fb5b0 DEOPT UNPACKING pc=0x000001e2074a4242 sp=0x000000216b0fda78 mode 3
Event: 16.156 Thread 0x000001e27f6f94e0 Uncommon trap: trap_request=0xffffffcc fr.pc=0x000001e2080294f4 relative=0x0000000000000234
Event: 16.156 Thread 0x000001e27f6f94e0 Uncommon trap: reason=intrinsic_or_type_checked_inlining action=make_not_entrant pc=0x000001e2080294f4 method=java.util.ArrayList.toArray([Ljava/lang/Object;)[Ljava/lang/Object; @ 36 c2
Event: 16.156 Thread 0x000001e27f6f94e0 DEOPT PACKING pc=0x000001e2080294f4 sp=0x000000216adfe700
Event: 16.156 Thread 0x000001e27f6f94e0 DEOPT UNPACKING pc=0x000001e2074a3aa2 sp=0x000000216adfe6a0 mode 2

Classes loaded (20 events):
Event: 9.845 Loading class java/util/stream/ReferencePipeline$4
Event: 9.846 Loading class java/util/stream/ReferencePipeline$4 done
Event: 9.847 Loading class java/util/stream/Nodes$IntFixedNodeBuilder
Event: 9.848 Loading class java/util/stream/Node$Builder$OfInt
Event: 9.848 Loading class java/util/stream/Node$Builder$OfInt done
Event: 9.848 Loading class java/util/stream/Nodes$IntArrayNode
Event: 9.848 Loading class java/util/stream/Nodes$IntArrayNode done
Event: 9.848 Loading class java/util/stream/Nodes$IntFixedNodeBuilder done
Event: 9.849 Loading class java/util/stream/ReferencePipeline$4$1
Event: 9.849 Loading class java/util/stream/ReferencePipeline$4$1 done
Event: 10.192 Loading class java/util/regex/PatternSyntaxException
Event: 10.193 Loading class java/util/regex/PatternSyntaxException done
Event: 14.640 Loading class java/lang/UnsupportedClassVersionError
Event: 14.640 Loading class java/lang/UnsupportedClassVersionError done
Event: 14.640 Loading class java/io/FileReader
Event: 14.640 Loading class java/io/FileReader done
Event: 14.996 Loading class java/util/concurrent/ConcurrentHashMap$TreeNode
Event: 14.997 Loading class java/util/concurrent/ConcurrentHashMap$TreeNode done
Event: 14.997 Loading class java/util/concurrent/ConcurrentHashMap$TreeBin
Event: 14.997 Loading class java/util/concurrent/ConcurrentHashMap$TreeBin done

Classes unloaded (20 events):
Event: 8.940 Thread 0x000001e27263e750 Unloading class 0x000001e210381c00 'java/lang/invoke/LambdaForm$MH+0x000001e210381c00'
Event: 8.940 Thread 0x000001e27263e750 Unloading class 0x000001e210381400 'java/lang/invoke/LambdaForm$MH+0x000001e210381400'
Event: 8.940 Thread 0x000001e27263e750 Unloading class 0x000001e21037d800 'java/lang/invoke/LambdaForm$MH+0x000001e21037d800'
Event: 8.940 Thread 0x000001e27263e750 Unloading class 0x000001e21037dc00 'java/lang/invoke/LambdaForm$MH+0x000001e21037dc00'
Event: 8.940 Thread 0x000001e27263e750 Unloading class 0x000001e21037d400 'java/lang/invoke/LambdaForm$MH+0x000001e21037d400'
Event: 8.940 Thread 0x000001e27263e750 Unloading class 0x000001e21037cc00 'java/lang/invoke/LambdaForm$MH+0x000001e21037cc00'
Event: 8.940 Thread 0x000001e27263e750 Unloading class 0x000001e21037c800 'java/lang/invoke/LambdaForm$MH+0x000001e21037c800'
Event: 8.940 Thread 0x000001e27263e750 Unloading class 0x000001e21037c000 'java/lang/invoke/LambdaForm$MH+0x000001e21037c000'
Event: 8.940 Thread 0x000001e27263e750 Unloading class 0x000001e21037b800 'java/lang/invoke/LambdaForm$MH+0x000001e21037b800'
Event: 8.940 Thread 0x000001e27263e750 Unloading class 0x000001e21037b400 'java/lang/invoke/LambdaForm$MH+0x000001e21037b400'
Event: 8.940 Thread 0x000001e27263e750 Unloading class 0x000001e21037ac00 'java/lang/invoke/LambdaForm$MH+0x000001e21037ac00'
Event: 8.940 Thread 0x000001e27263e750 Unloading class 0x000001e21037a800 'java/lang/invoke/LambdaForm$MH+0x000001e21037a800'
Event: 8.940 Thread 0x000001e27263e750 Unloading class 0x000001e210379c00 'java/lang/invoke/LambdaForm$MH+0x000001e210379c00'
Event: 8.940 Thread 0x000001e27263e750 Unloading class 0x000001e21037a000 'java/lang/invoke/LambdaForm$MH+0x000001e21037a000'
Event: 8.940 Thread 0x000001e27263e750 Unloading class 0x000001e210379000 'java/lang/invoke/LambdaForm$MH+0x000001e210379000'
Event: 8.940 Thread 0x000001e27263e750 Unloading class 0x000001e210379400 'java/lang/invoke/LambdaForm$MH+0x000001e210379400'
Event: 8.940 Thread 0x000001e27263e750 Unloading class 0x000001e210378c00 'java/lang/invoke/LambdaForm$MH+0x000001e210378c00'
Event: 8.940 Thread 0x000001e27263e750 Unloading class 0x000001e210378800 'java/lang/invoke/LambdaForm$MH+0x000001e210378800'
Event: 8.940 Thread 0x000001e27263e750 Unloading class 0x000001e210375800 'java/lang/invoke/LambdaForm$DMH+0x000001e210375800'
Event: 8.940 Thread 0x000001e27263e750 Unloading class 0x000001e210375c00 'java/lang/invoke/LambdaForm$DMH+0x000001e210375c00'

Classes redefined (0 events):
No events

Internal exceptions (20 events):
Event: 9.005 Thread 0x000001e27f6f7aa0 Exception <a 'java/io/FileNotFoundException'{0x00000000ead10b88}> (0x00000000ead10b88) 
thrown [s\src\hotspot\share\prims\jni.cpp, line 520]
Event: 9.005 Thread 0x000001e27f6f7aa0 Exception <a 'java/io/FileNotFoundException'{0x00000000ead32e20}> (0x00000000ead32e20) 
thrown [s\src\hotspot\share\prims\jni.cpp, line 520]
Event: 9.005 Thread 0x000001e27f6f7aa0 Exception <a 'java/io/FileNotFoundException'{0x00000000ead34308}> (0x00000000ead34308) 
thrown [s\src\hotspot\share\prims\jni.cpp, line 520]
Event: 9.005 Thread 0x000001e27f6f7aa0 Exception <a 'java/io/FileNotFoundException'{0x00000000ead35320}> (0x00000000ead35320) 
thrown [s\src\hotspot\share\prims\jni.cpp, line 520]
Event: 9.370 Thread 0x000001e27f6f8e50 Exception <a 'java/lang/LinkageError'{0x00000000eb853ec0}: loader lombok.launch.ShadowClassLoader @3f07efd5 attempted duplicate class definition for lombok.launch.PatchFixesHider$ValPortal. (lombok.launch.PatchFixesHider$ValPortal is in unnamed module of loader lombok.launch.ShadowClassLoader @3f07efd5, parent loader org.eclipse.osgi.internal.loader.EquinoxClassLoader @2238124b)> (0x00000000eb853ec0) 
thrown [s\src\hotspot\share\classfile\systemDictionary.cpp, line 1682]
Event: 9.370 Thread 0x000001e27f6f94e0 Exception <a 'java/lang/LinkageError'{0x00000000eb906760}: loader lombok.launch.ShadowClassLoader @3f07efd5 attempted duplicate class definition for lombok.launch.PatchFixesHider$ValPortal. (lombok.launch.PatchFixesHider$ValPortal is in unnamed module of loader lombok.launch.ShadowClassLoader @3f07efd5, parent loader org.eclipse.osgi.internal.loader.EquinoxClassLoader @2238124b)> (0x00000000eb906760) 
thrown [s\src\hotspot\share\classfile\systemDictionary.cpp, line 1682]
Event: 9.489 Thread 0x000001e27f6f7aa0 Exception <a 'java/lang/NoSuchMethodError'{0x00000000eab303d0}: 'int java.lang.invoke.DirectMethodHandle$Holder.invokeSpecialIFC(java.lang.Object, java.lang.Object, java.lang.Object)'> (0x00000000eab303d0) 
thrown [s\src\hotspot\share\interpreter\linkResolver.cpp, line 773]
Event: 9.961 Thread 0x000001e27f6f94e0 Exception <a 'java/lang/LinkageError'{0x00000000eafcd438}: loader lombok.launch.ShadowClassLoader @16c634f attempted duplicate class definition for lombok.launch.PatchFixesHider$FieldInitializer. (lombok.launch.PatchFixesHider$FieldInitializer is in unnamed module of loader lombok.launch.ShadowClassLoader @16c634f, parent loader org.eclipse.osgi.internal.loader.EquinoxClassLoader @349b0c8b)> (0x00000000eafcd438) 
thrown [s\src\hotspot\share\classfile\systemDictionary.cpp, line 1682]
Event: 9.962 Thread 0x000001e27f6fb5b0 Exception <a 'java/lang/LinkageError'{0x00000000eaefd588}: loader lombok.launch.ShadowClassLoader @16c634f attempted duplicate class definition for lombok.launch.PatchFixesHider$FieldInitializer. (lombok.launch.PatchFixesHider$FieldInitializer is in unnamed module of loader lombok.launch.ShadowClassLoader @16c634f, parent loader org.eclipse.osgi.internal.loader.EquinoxClassLoader @349b0c8b)> (0x00000000eaefd588) 
thrown [s\src\hotspot\share\classfile\systemDictionary.cpp, line 1682]
Event: 10.007 Thread 0x000001e27f6f8e50 Exception <a 'java/lang/NoSuchMethodError'{0x00000000eb234c98}: 'java.lang.Object java.lang.invoke.DirectMethodHandle$Holder.invokeSpecial(java.lang.Object, java.lang.Object, java.lang.Object, java.lang.Object, int, java.lang.Object, java.lang.Object)'> (0x00000000eb234c98) 
thrown [s\src\hotspot\share\interpreter\linkResolver.cpp, line 773]
Event: 10.008 Thread 0x000001e27f6fb5b0 Exception <a 'java/lang/NoSuchMethodError'{0x00000000eaf15640}: 'java.lang.Object java.lang.invoke.DirectMethodHandle$Holder.invokeSpecial(java.lang.Object, java.lang.Object, java.lang.Object, java.lang.Object, int, java.lang.Object, java.lang.Object)'> (0x00000000eaf15640) 
thrown [s\src\hotspot\share\interpreter\linkResolver.cpp, line 773]
Event: 10.807 Thread 0x000001e27f4dddc0 Exception <a 'java/lang/NoSuchMethodError'{0x00000000ebac0218}: 'java.lang.Object java.lang.invoke.DirectMethodHandle$Holder.invokeSpecial(java.lang.Object, java.lang.Object, int, long)'> (0x00000000ebac0218) 
thrown [s\src\hotspot\share\interpreter\linkResolver.cpp, line 773]
Event: 10.883 Thread 0x000001e27f6f94e0 Exception <a 'java/lang/IncompatibleClassChangeError'{0x00000000ead3e688}: Found class java.lang.Object, but interface was expected> (0x00000000ead3e688) 
thrown [s\src\hotspot\share\interpreter\linkResolver.cpp, line 840]
Event: 11.682 Thread 0x000001e27f4dddc0 Implicit null exception at 0x000001e207f62a38 to 0x000001e207f632a8
Event: 11.719 Thread 0x000001e27f4dddc0 Implicit null exception at 0x000001e207f687f8 to 0x000001e207f69518
Event: 11.915 Thread 0x000001e27f4dddc0 Exception <a 'java/lang/NoSuchMethodError'{0x00000000eb55c670}: 'int java.lang.invoke.Invokers$Holder.invokeExact_MT(java.lang.Object, java.lang.Object)'> (0x00000000eb55c670) 
thrown [s\src\hotspot\share\interpreter\linkResolver.cpp, line 773]
Event: 14.601 Thread 0x000001e27f6f94e0 Exception <a 'java/lang/IncompatibleClassChangeError'{0x00000000ebb7d190}: Found class java.lang.Object, but interface was expected> (0x00000000ebb7d190) 
thrown [s\src\hotspot\share\interpreter\linkResolver.cpp, line 840]
Event: 14.711 Thread 0x000001e27f6fb5b0 Exception <a 'java/lang/NoSuchMethodError'{0x00000000ebeb6d48}: 'int java.lang.invoke.DirectMethodHandle$Holder.invokeInterface(java.lang.Object, java.lang.Object)'> (0x00000000ebeb6d48) 
thrown [s\src\hotspot\share\interpreter\linkResolver.cpp, line 773]
Event: 14.712 Thread 0x000001e27f6fb5b0 Exception <a 'java/lang/IncompatibleClassChangeError'{0x00000000ebeba008}: Found class java.lang.Object, but interface was expected> (0x00000000ebeba008) 
thrown [s\src\hotspot\share\interpreter\linkResolver.cpp, line 840]
Event: 16.156 Thread 0x000001e27f6f94e0 Exception <a 'java/lang/IncompatibleClassChangeError'{0x00000000eb0d8048}: Found class java.lang.Object, but interface was expected> (0x00000000eb0d8048) 
thrown [s\src\hotspot\share\interpreter\linkResolver.cpp, line 840]

ZGC Phase Switch (0 events):
No events

VM Operations (20 events):
Event: 11.652 Executing VM operation: HandshakeAllThreads (Deoptimize) done
Event: 11.677 Executing VM operation: ParallelGCFailedAllocation (Allocation Failure)
Event: 11.681 Executing VM operation: ParallelGCFailedAllocation (Allocation Failure) done
Event: 11.858 Executing VM operation: ICBufferFull
Event: 11.858 Executing VM operation: ICBufferFull done
Event: 12.864 Executing VM operation: Cleanup
Event: 12.864 Executing VM operation: Cleanup done
Event: 14.650 Executing VM operation: HandshakeAllThreads (Deoptimize)
Event: 14.651 Executing VM operation: HandshakeAllThreads (Deoptimize) done
Event: 14.651 Executing VM operation: Cleanup
Event: 14.651 Executing VM operation: Cleanup done
Event: 14.726 Executing VM operation: ParallelGCFailedAllocation (Allocation Failure)
Event: 14.730 Executing VM operation: ParallelGCFailedAllocation (Allocation Failure) done
Event: 14.807 Executing VM operation: HandshakeAllThreads (Deoptimize)
Event: 14.807 Executing VM operation: HandshakeAllThreads (Deoptimize) done
Event: 14.813 Executing VM operation: HandshakeAllThreads (Deoptimize)
Event: 14.813 Executing VM operation: HandshakeAllThreads (Deoptimize) done
Event: 15.825 Executing VM operation: Cleanup
Event: 15.825 Executing VM operation: Cleanup done
Event: 16.836 Executing VM operation: Cleanup

Memory protections (0 events):
No events

Nmethod flushes (20 events):
Event: 8.950 Thread 0x000001e27263e750 flushing  nmethod 0x000001e20035d890
Event: 8.950 Thread 0x000001e27263e750 flushing  nmethod 0x000001e200363790
Event: 8.950 Thread 0x000001e27263e750 flushing  nmethod 0x000001e200365f90
Event: 8.950 Thread 0x000001e27263e750 flushing  nmethod 0x000001e200395d10
Event: 8.950 Thread 0x000001e27263e750 flushing  nmethod 0x000001e200396010
Event: 8.950 Thread 0x000001e27263e750 flushing  nmethod 0x000001e20039bf90
Event: 8.950 Thread 0x000001e27263e750 flushing  nmethod 0x000001e2003adf90
Event: 8.950 Thread 0x000001e27263e750 flushing  nmethod 0x000001e200433c90
Event: 8.950 Thread 0x000001e27263e750 flushing  nmethod 0x000001e200489090
Event: 8.950 Thread 0x000001e27263e750 flushing  nmethod 0x000001e200489590
Event: 8.950 Thread 0x000001e27263e750 flushing  nmethod 0x000001e200489a10
Event: 8.950 Thread 0x000001e27263e750 flushing  nmethod 0x000001e2004ae810
Event: 8.950 Thread 0x000001e27263e750 flushing  nmethod 0x000001e2004af790
Event: 8.950 Thread 0x000001e27263e750 flushing  nmethod 0x000001e2004b5190
Event: 8.950 Thread 0x000001e27263e750 flushing  nmethod 0x000001e2004b5590
Event: 8.950 Thread 0x000001e27263e750 flushing  nmethod 0x000001e2004e1e90
Event: 8.950 Thread 0x000001e27263e750 flushing  nmethod 0x000001e2004f9990
Event: 8.950 Thread 0x000001e27263e750 flushing  nmethod 0x000001e200538490
Event: 8.950 Thread 0x000001e27263e750 flushing  nmethod 0x000001e20054ec90
Event: 8.950 Thread 0x000001e27263e750 flushing  nmethod 0x000001e200554090

Events (20 events):
Event: 9.117 Thread 0x000001e27f6faf20 Thread added: 0x000001e27f6fc960
Event: 9.117 Thread 0x000001e27f6fd680 Thread added: 0x000001e27f6fcff0
Event: 9.117 Thread 0x000001e27f6fc960 Thread added: 0x000001e25a070c70
Event: 9.117 Thread 0x000001e27f6f7aa0 Thread added: 0x000001e25a0726b0
Event: 9.117 Thread 0x000001e25a070c70 Thread added: 0x000001e25a0733d0
Event: 9.214 Thread 0x000001e2507cc860 Thread exited: 0x000001e2507cc860
Event: 9.392 Thread 0x000001e27918c810 Thread added: 0x000001e27fddd210
Event: 9.403 Thread 0x000001e27fddd210 Thread added: 0x000001e27fcd8540
Event: 9.445 Thread 0x000001e27918c810 Thread added: 0x000001e25085dd90
Event: 9.671 Thread 0x000001e27f6f7aa0 Thread added: 0x000001e25a0740f0
Event: 9.738 Thread 0x000001e279057180 Thread exited: 0x000001e279057180
Event: 11.526 Thread 0x000001e27f249210 Thread exited: 0x000001e27f249210
Event: 11.526 Thread 0x000001e25085dd90 Thread exited: 0x000001e25085dd90
Event: 14.603 Thread 0x000001e27fcd8540 Thread exited: 0x000001e27fcd8540
Event: 14.603 Thread 0x000001e27fddd210 Thread exited: 0x000001e27fddd210
Event: 14.603 Thread 0x000001e27932d380 Thread exited: 0x000001e27932d380
Event: 14.604 Thread 0x000001e250635fe0 Thread exited: 0x000001e250635fe0
Event: 14.710 Thread 0x000001e27918c810 Thread added: 0x000001e250afcdf0
Event: 14.711 Thread 0x000001e27918c810 Thread added: 0x000001e250afe930
Event: 14.711 Thread 0x000001e27918c810 Thread added: 0x000001e250afd4c0


Dynamic libraries:
0x00007ff7b05e0000 - 0x00007ff7b05ee000 	c:\Users\Asus\.trae\extensions\redhat.java-1.42.0-win32-x64\jre\21.0.7-win32-x86_64\bin\java.exe
0x00007ffb0f460000 - 0x00007ffb0f6c5000 	C:\WINDOWS\SYSTEM32\ntdll.dll
0x00007ffb0da50000 - 0x00007ffb0db19000 	C:\WINDOWS\System32\KERNEL32.DLL
0x00007ffb0c9d0000 - 0x00007ffb0cdb8000 	C:\WINDOWS\System32\KERNELBASE.dll
0x00007ffb0c670000 - 0x00007ffb0c7bb000 	C:\WINDOWS\System32\ucrtbase.dll
0x00007ffaa84b0000 - 0x00007ffaa84ce000 	c:\Users\Asus\.trae\extensions\redhat.java-1.42.0-win32-x64\jre\21.0.7-win32-x86_64\bin\VCRUNTIME140.dll
0x00007ffaa84d0000 - 0x00007ffaa84e8000 	c:\Users\Asus\.trae\extensions\redhat.java-1.42.0-win32-x64\jre\21.0.7-win32-x86_64\bin\jli.dll
0x00007ffaf3360000 - 0x00007ffaf35fa000 	C:\WINDOWS\WinSxS\amd64_microsoft.windows.common-controls_6595b64144ccf1df_6.0.26100.4202_none_3e0698d4e335f517\COMCTL32.dll
0x00007ffb0d700000 - 0x00007ffb0d7a9000 	C:\WINDOWS\System32\msvcrt.dll
0x00007ffb0d200000 - 0x00007ffb0d22b000 	C:\WINDOWS\System32\GDI32.dll
0x00007ffb0e6a0000 - 0x00007ffb0e86a000 	C:\WINDOWS\System32\USER32.dll
0x00007ffb0cf10000 - 0x00007ffb0cf37000 	C:\WINDOWS\System32\win32u.dll
0x00007ffb0d0c0000 - 0x00007ffb0d1f7000 	C:\WINDOWS\System32\gdi32full.dll
0x00007ffb0ce60000 - 0x00007ffb0cf03000 	C:\WINDOWS\System32\msvcp_win.dll
0x00007ffb0dbc0000 - 0x00007ffb0dbf0000 	C:\WINDOWS\System32\IMM32.DLL
0x00007ffaf46e0000 - 0x00007ffaf46ec000 	c:\Users\Asus\.trae\extensions\redhat.java-1.42.0-win32-x64\jre\21.0.7-win32-x86_64\bin\vcruntime140_1.dll
0x00007ffaa7660000 - 0x00007ffaa76ed000 	c:\Users\Asus\.trae\extensions\redhat.java-1.42.0-win32-x64\jre\21.0.7-win32-x86_64\bin\msvcp140.dll
0x00007ffa63940000 - 0x00007ffa646d0000 	c:\Users\Asus\.trae\extensions\redhat.java-1.42.0-win32-x64\jre\21.0.7-win32-x86_64\bin\server\jvm.dll
0x00007ffb0eb20000 - 0x00007ffb0ebd3000 	C:\WINDOWS\System32\ADVAPI32.dll
0x00007ffb0d230000 - 0x00007ffb0d2d6000 	C:\WINDOWS\System32\sechost.dll
0x00007ffb0d7c0000 - 0x00007ffb0d8d5000 	C:\WINDOWS\System32\RPCRT4.dll
0x00007ffb0d680000 - 0x00007ffb0d6f4000 	C:\WINDOWS\System32\WS2_32.dll
0x00007ffb0c350000 - 0x00007ffb0c3ae000 	C:\WINDOWS\SYSTEM32\POWRPROF.dll
0x00007ffb014d0000 - 0x00007ffb01505000 	C:\WINDOWS\SYSTEM32\WINMM.dll
0x00007ffaf2490000 - 0x00007ffaf249b000 	C:\WINDOWS\SYSTEM32\VERSION.dll
0x00007ffb0c330000 - 0x00007ffb0c344000 	C:\WINDOWS\SYSTEM32\UMPDC.dll
0x00007ffb0b2d0000 - 0x00007ffb0b2eb000 	C:\WINDOWS\SYSTEM32\kernel.appcore.dll
0x00007ffaf2d10000 - 0x00007ffaf2d1a000 	c:\Users\Asus\.trae\extensions\redhat.java-1.42.0-win32-x64\jre\21.0.7-win32-x86_64\bin\jimage.dll
0x00007ffb09ec0000 - 0x00007ffb0a101000 	C:\WINDOWS\SYSTEM32\DBGHELP.DLL
0x00007ffb0dd00000 - 0x00007ffb0e085000 	C:\WINDOWS\System32\combase.dll
0x00007ffb0e120000 - 0x00007ffb0e201000 	C:\WINDOWS\System32\OLEAUT32.dll
0x00007ffaefbe0000 - 0x00007ffaefc19000 	C:\WINDOWS\SYSTEM32\dbgcore.DLL
0x00007ffb0cdc0000 - 0x00007ffb0ce59000 	C:\WINDOWS\System32\bcryptPrimitives.dll
0x00007ffaf2590000 - 0x00007ffaf259f000 	c:\Users\Asus\.trae\extensions\redhat.java-1.42.0-win32-x64\jre\21.0.7-win32-x86_64\bin\instrument.dll
0x00007ffaa7640000 - 0x00007ffaa765f000 	c:\Users\Asus\.trae\extensions\redhat.java-1.42.0-win32-x64\jre\21.0.7-win32-x86_64\bin\java.dll
0x00007ffb0ecd0000 - 0x00007ffb0f412000 	C:\WINDOWS\System32\SHELL32.dll
0x00007ffb0c7c0000 - 0x00007ffb0c934000 	C:\WINDOWS\System32\wintypes.dll
0x00007ffb0a210000 - 0x00007ffb0aa68000 	C:\WINDOWS\SYSTEM32\windows.storage.dll
0x00007ffb0e870000 - 0x00007ffb0e961000 	C:\WINDOWS\System32\SHCORE.dll
0x00007ffb0db30000 - 0x00007ffb0db9a000 	C:\WINDOWS\System32\shlwapi.dll
0x00007ffb0c4c0000 - 0x00007ffb0c4ef000 	C:\WINDOWS\SYSTEM32\profapi.dll
0x00007ffaddff0000 - 0x00007ffade008000 	c:\Users\Asus\.trae\extensions\redhat.java-1.42.0-win32-x64\jre\21.0.7-win32-x86_64\bin\zip.dll
0x00007ffafa310000 - 0x00007ffafa320000 	C:\Users\Asus\.trae\extensions\redhat.java-1.42.0-win32-x64\jre\21.0.7-win32-x86_64\bin\net.dll
0x00007ffb011d0000 - 0x00007ffb012ee000 	C:\WINDOWS\SYSTEM32\WINHTTP.dll
0x00007ffb0b8e0000 - 0x00007ffb0b94a000 	C:\WINDOWS\system32\mswsock.dll
0x00007ffaddf60000 - 0x00007ffaddf76000 	C:\Users\Asus\.trae\extensions\redhat.java-1.42.0-win32-x64\jre\21.0.7-win32-x86_64\bin\nio.dll
0x00007ffaf1670000 - 0x00007ffaf1680000 	c:\Users\Asus\.trae\extensions\redhat.java-1.42.0-win32-x64\jre\21.0.7-win32-x86_64\bin\verify.dll
0x00007ffaaade0000 - 0x00007ffaaae25000 	C:\Users\Asus\AppData\Roaming\Trae\User\globalStorage\redhat.java\1.42.0\config_ss_win\org.eclipse.equinox.launcher\org.eclipse.equinox.launcher.win32.win32.x86_64_1.2.1300.v20250331-1702\eclipse_11911.dll
0x00007ffb0e970000 - 0x00007ffb0eb0e000 	C:\WINDOWS\System32\ole32.dll
0x00007ffb0bb90000 - 0x00007ffb0bbab000 	C:\WINDOWS\SYSTEM32\CRYPTSP.dll
0x00007ffb0b2f0000 - 0x00007ffb0b32a000 	C:\WINDOWS\system32\rsaenh.dll
0x00007ffb0b980000 - 0x00007ffb0b9ab000 	C:\WINDOWS\SYSTEM32\USERENV.dll
0x00007ffb0c490000 - 0x00007ffb0c4b6000 	C:\WINDOWS\SYSTEM32\bcrypt.dll
0x00007ffb0bbb0000 - 0x00007ffb0bbbc000 	C:\WINDOWS\SYSTEM32\CRYPTBASE.dll
0x00007ffb0ae30000 - 0x00007ffb0ae63000 	C:\WINDOWS\SYSTEM32\IPHLPAPI.DLL
0x00007ffb0ebe0000 - 0x00007ffb0ebea000 	C:\WINDOWS\System32\NSI.dll
0x00007ffaa90e0000 - 0x00007ffaa9129000 	C:\Users\Asus\AppData\Local\Temp\jna-2050672\jna2628316132668649674.dll
0x00007ffb0db20000 - 0x00007ffb0db28000 	C:\WINDOWS\System32\PSAPI.DLL
0x00007ffb03ec0000 - 0x00007ffb03edf000 	C:\WINDOWS\SYSTEM32\dhcpcsvc6.DLL
0x00007ffb03e50000 - 0x00007ffb03e75000 	C:\WINDOWS\SYSTEM32\dhcpcsvc.DLL

dbghelp: loaded successfully - version: 4.0.5 - missing functions: none
symbol engine: initialized successfully - sym options: 0x614 - pdb path: .;c:\Users\Asus\.trae\extensions\redhat.java-1.42.0-win32-x64\jre\21.0.7-win32-x86_64\bin;C:\WINDOWS\SYSTEM32;C:\WINDOWS\WinSxS\amd64_microsoft.windows.common-controls_6595b64144ccf1df_6.0.26100.4202_none_3e0698d4e335f517;c:\Users\Asus\.trae\extensions\redhat.java-1.42.0-win32-x64\jre\21.0.7-win32-x86_64\bin\server;C:\Users\Asus\AppData\Roaming\Trae\User\globalStorage\redhat.java\1.42.0\config_ss_win\org.eclipse.equinox.launcher\org.eclipse.equinox.launcher.win32.win32.x86_64_1.2.1300.v20250331-1702;C:\Users\Asus\AppData\Local\Temp\jna-2050672

VM Arguments:
jvm_args: --add-modules=ALL-SYSTEM --add-opens=java.base/java.util=ALL-UNNAMED --add-opens=java.base/java.lang=ALL-UNNAMED --add-opens=java.base/sun.nio.fs=ALL-UNNAMED -Declipse.application=org.eclipse.jdt.ls.core.id1 -Dosgi.bundles.defaultStartLevel=4 -Declipse.product=org.eclipse.jdt.ls.core.product -Djava.import.generatesMetadataFilesAtProjectRoot=false -DDetectVMInstallationsJob.disabled=true -Dfile.encoding=utf8 -XX:+UseParallelGC -XX:GCTimeRatio=4 -XX:AdaptiveSizePolicyWeight=90 -Dsun.zip.disableMemoryMapping=true -Xmx1G -Xms100m -Xlog:disable -javaagent:c:\Users\Asus\.trae\extensions\redhat.java-1.42.0-win32-x64\lombok\lombok-1.18.36.jar 
java_command: c:\Users\Asus\.trae\extensions\redhat.java-1.42.0-win32-x64\server\plugins\org.eclipse.equinox.launcher_1.7.0.v20250424-1814.jar -configuration c:\Users\Asus\AppData\Roaming\Trae\User\globalStorage\redhat.java\1.42.0\config_ss_win -data c:\Users\Asus\AppData\Roaming\Trae\User\workspaceStorage\1d84f0c7d19014f802c40b71bdf35867\redhat.java\ss_ws --pipe=\\.\pipe\lsp-2274b1d52c05f71ebc6423a1d0a7107b-sock
java_class_path (initial): c:\Users\Asus\.trae\extensions\redhat.java-1.42.0-win32-x64\server\plugins\org.eclipse.equinox.launcher_1.7.0.v20250424-1814.jar
Launcher Type: SUN_STANDARD

[Global flags]
    uintx AdaptiveSizePolicyWeight                 = 90                                        {product} {command line}
     intx CICompilerCount                          = 12                                        {product} {ergonomic}
    uintx GCTimeRatio                              = 4                                         {product} {command line}
   size_t InitialHeapSize                          = 104857600                                 {product} {command line}
   size_t MaxHeapSize                              = 1073741824                                {product} {command line}
   size_t MaxNewSize                               = 357564416                                 {product} {ergonomic}
   size_t MinHeapDeltaBytes                        = 524288                                    {product} {ergonomic}
   size_t MinHeapSize                              = 104857600                                 {product} {command line}
   size_t NewSize                                  = 34603008                                  {product} {ergonomic}
    uintx NonNMethodCodeHeapSize                   = 7602480                                {pd product} {ergonomic}
    uintx NonProfiledCodeHeapSize                  = 122027880                              {pd product} {ergonomic}
   size_t OldSize                                  = 70254592                                  {product} {ergonomic}
    uintx ProfiledCodeHeapSize                     = 122027880                              {pd product} {ergonomic}
    uintx ReservedCodeCacheSize                    = 251658240                              {pd product} {ergonomic}
     bool SegmentedCodeCache                       = true                                      {product} {ergonomic}
   size_t SoftMaxHeapSize                          = 1073741824                             {manageable} {ergonomic}
     bool UseCompressedOops                        = true                           {product lp64_product} {ergonomic}
     bool UseLargePagesIndividualAllocation        = false                                  {pd product} {ergonomic}
     bool UseParallelGC                            = true                                      {product} {command line}

Logging:
Log output configuration:
 #0: stdout all=off uptime,level,tags foldmultilines=false
 #1: stderr all=off uptime,level,tags foldmultilines=false

Environment Variables:
JAVA_HOME=C:\Program Files\Java\jdk-21
CLASSPATH=C:\Program Files\Apache Software Foundation\Tomcat 10.1\bin\tomcat-juli.jar
PATH=c:\Users\Asus\AppData\Local\Programs\cursor\resources\app\bin;C:\Program Files\Microsoft SDKs\Azure\CLI2\wbin;C:\Program Files\Common Files\Oracle\Java\javapath;C:\WINDOWS\system32;C:\WINDOWS;C:\WINDOWS\System32\Wbem;C:\WINDOWS\System32\WindowsPowerShell\v1.0\;C:\WINDOWS\System32\OpenSSH\;C:\Users\Asus\Documents\apache-maven-3.9.4-bin\apache-maven-3.9.4\bin;C:\Program Files\Java\jre1.8.0_181\bin;C:\Program Files (x86)\Microsoft SQL Server\160\Tools\Binn\;C:\Program Files\Microsoft SQL Server\160\Tools\Binn\;C:\Program Files\Microsoft SQL Server\Client SDK\ODBC\170\Tools\Binn\;C:\Program Files\Microsoft SQL Server\160\DTS\Binn\;C:\Program Files (x86)\Microsoft SQL Server\160\DTS\Binn\;C:\Program Files\Azure Data Studio\bin;C:\Program Files\Java\jdk-20\bin;C:\xampp\tomcat\bin;C:\Program Files\Docker\Docker\resources\bin;C:\Program Files\nodejs\;C:\Program Files\apache-maven-3.9.9\bin;C:\Program Files\MySQL\MySQL Shell 8.0\bin\;C:\Users\Asus\AppData\Local\P;C:\Program Files\opencv\build\java\x64;C:\Program Files\Java\jdk-21\bin;C:\Users\Asus\AppData\Local\Programs\Python\Python313;C:\Users\Asus\AppData\Local\Programs\Python\Python313\Scripts;C:\WINDOWS\system32;C:\WINDOWS;C:\WINDOWS\System32\Wbem;C:\WINDOWS\System32\WindowsPowerShell\v1.0\;C:\WINDOWS\System32\OpenSSH\;C:\Program Files\Go\bin;C:\Program Files\Git\cmd;C:\Program Files\PowerShell\7\;C:\Users\Asus\.local\bin;C:\Users\Asus\AppData\Local\Programs\Python\Python313\Scripts\;C:\Users\Asus\AppData\Local\Programs\Python\Python313\;C:\Program Files\MySQL\MySQL Shell 8.0\bin\;C:\Users\Asus\AppData\Local\Programs\Python\Launcher\;C:\Users\Asus\AppData\Local\Microsoft\WindowsApps;C:\Users\Asus\AppData\Local\GitHubDesktop\bin;C:\Program Files\Azure Data Studio\bin;C:\Users\Asus\AppData\Local\Programs\Microsoft VS Code\bin;C:\Program Files\Java\jdk-17\bin;C:\Program Files\Neovim\bin;C:\Program Files\JetBrains\IntelliJ IDEA 2024.2.0.2\bin;;C:\Users\Asus\AppData\Roaming\npm;C:\Program Files\Java\jdk-20\bin;C:\Program Files\apache-maven-3.9.9\bin;C:\Users\Asus\AppData\Local\Programs\Azure Dev CLI\;C:\Program Files\opencv\build\java\x64;C:\Program Files\Java\jdk-21\bin;C:\Users\Asus\go\bin;C:\Users\Asus\AppData\Local\Programs\cursor\resources\app\bin;c:\Users\Asus\AppData\Local\Programs\Trae\resources\app\bin\lib
USERNAME=Asus
OS=Windows_NT
PROCESSOR_IDENTIFIER=Intel64 Family 6 Model 154 Stepping 3, GenuineIntel
TMP=C:\Users\Asus\AppData\Local\Temp
TEMP=C:\Users\Asus\AppData\Local\Temp




Periodic native trim disabled

---------------  S Y S T E M  ---------------

OS:
 Windows 11 , 64 bit Build 26100 (10.0.26100.4202)
OS uptime: 0 days 11:31 hours
Hyper-V role detected

CPU: total 16 (initial active 16) (8 cores per cpu, 2 threads per core) family 6 model 154 stepping 3 microcode 0x424, cx8, cmov, fxsr, ht, mmx, 3dnowpref, sse, sse2, sse3, ssse3, sse4.1, sse4.2, popcnt, lzcnt, tsc, tscinvbit, avx, avx2, aes, erms, clmul, bmi1, bmi2, adx, sha, fma, vzeroupper, clflush, clflushopt, clwb, hv, serialize, rdtscp, rdpid, fsrm, f16c, cet_ibt, cet_ss
Processor Information for processor 0
  Max Mhz: 2500, Current Mhz: 1532, Mhz Limit: 2500
Processor Information for processor 1
  Max Mhz: 2500, Current Mhz: 2500, Mhz Limit: 2500
Processor Information for processor 2
  Max Mhz: 2500, Current Mhz: 2500, Mhz Limit: 2500
Processor Information for processor 3
  Max Mhz: 2500, Current Mhz: 2500, Mhz Limit: 2500
Processor Information for processor 4
  Max Mhz: 2500, Current Mhz: 2500, Mhz Limit: 2500
Processor Information for processor 5
  Max Mhz: 2500, Current Mhz: 2500, Mhz Limit: 2500
Processor Information for processor 6
  Max Mhz: 2500, Current Mhz: 2500, Mhz Limit: 2500
Processor Information for processor 7
  Max Mhz: 2500, Current Mhz: 2500, Mhz Limit: 2500
Processor Information for processor 8
  Max Mhz: 2500, Current Mhz: 2500, Mhz Limit: 2500
Processor Information for processor 9
  Max Mhz: 2500, Current Mhz: 2500, Mhz Limit: 2500
Processor Information for processor 10
  Max Mhz: 2500, Current Mhz: 2500, Mhz Limit: 2500
Processor Information for processor 11
  Max Mhz: 2500, Current Mhz: 2500, Mhz Limit: 2500
Processor Information for processor 12
  Max Mhz: 2500, Current Mhz: 2500, Mhz Limit: 2500
Processor Information for processor 13
  Max Mhz: 2500, Current Mhz: 2500, Mhz Limit: 2500
Processor Information for processor 14
  Max Mhz: 2500, Current Mhz: 2500, Mhz Limit: 2500
Processor Information for processor 15
  Max Mhz: 2500, Current Mhz: 2500, Mhz Limit: 2500

Memory: 4k page, system-wide physical 16077M (1402M free)
TotalPageFile size 26958M (AvailPageFile size 225M)
current process WorkingSet (physical memory assigned to process): 272M, peak: 293M
current process commit charge ("private bytes"): 361M, peak: 384M

vm_info: OpenJDK 64-Bit Server VM (21.0.7+6-LTS) for windows-amd64 JRE (21.0.7+6-LTS), built on 2025-04-15T00:00:00Z by "admin" with MS VC++ 17.7 (VS2022)

END.
